\BOOKMARK [1][-]{section.1}{Requirements}{}% 1
\BOOKMARK [2][-]{subsection.1.1}{Functional Requirements}{section.1}% 2
\BOOKMARK [2][-]{subsection.1.2}{Non-Functional Requirements}{section.1}% 3
\BOOKMARK [1][-]{section.2}{Annotated Designs}{}% 4
\BOOKMARK [2][-]{subsection.2.1}{The Landing Page/Route Discovery Page}{section.2}% 5
\BOOKMARK [2][-]{subsection.2.2}{The Route Listing Page \(RLP\)}{section.2}% 6
\BOOKMARK [2][-]{subsection.2.3}{The Route Detail Page \(RDP\)}{section.2}% 7
\BOOKMARK [2][-]{subsection.2.4}{The Route Creation Page \(RCP\)}{section.2}% 8
\BOOKMARK [2][-]{subsection.2.5}{Generic Page Designs}{section.2}% 9
\BOOKMARK [3][-]{subsubsection.2.5.1}{Login Page}{subsection.2.5}% 10
\BOOKMARK [3][-]{subsubsection.2.5.2}{Sign Up Page}{subsection.2.5}% 11
\BOOKMARK [3][-]{subsubsection.2.5.3}{Account Page - My Routes}{subsection.2.5}% 12
\BOOKMARK [3][-]{subsubsection.2.5.4}{Account Page - My Details}{subsection.2.5}% 13
\BOOKMARK [3][-]{subsubsection.2.5.5}{Account Page - Administration}{subsection.2.5}% 14
\BOOKMARK [2][-]{subsection.2.6}{User Flow Diagram}{section.2}% 15
\BOOKMARK [1][-]{section.3}{Market Research}{}% 16
\BOOKMARK [2][-]{subsection.3.1}{Analysis Of Similar Applications}{section.3}% 17
\BOOKMARK [2][-]{subsection.3.2}{Web Applications VS Native Mobile Applications}{section.3}% 18
\BOOKMARK [1][-]{section.4}{Final Designs}{}% 19
\BOOKMARK [2][-]{subsection.4.1}{Landing Page}{section.4}% 20
\BOOKMARK [2][-]{subsection.4.2}{Route Listing Page}{section.4}% 21
\BOOKMARK [2][-]{subsection.4.3}{Route Detail Page}{section.4}% 22
\BOOKMARK [2][-]{subsection.4.4}{Route Creation Page}{section.4}% 23
\BOOKMARK [2][-]{subsection.4.5}{My Details Page}{section.4}% 24
\BOOKMARK [2][-]{subsection.4.6}{My Routes Page}{section.4}% 25
\BOOKMARK [2][-]{subsection.4.7}{Admin Page}{section.4}% 26
\BOOKMARK [2][-]{subsection.4.8}{Login Page}{section.4}% 27
\BOOKMARK [2][-]{subsection.4.9}{Signup Page}{section.4}% 28
