\BOOKMARK [1][-]{section.1}{Introduction}{}% 1
\BOOKMARK [1][-]{section.2}{Motivation}{}% 2
\BOOKMARK [1][-]{section.3}{Background Information \046 Research}{}% 3
\BOOKMARK [2][-]{subsection.3.1}{Existing Systems}{section.3}% 4
\BOOKMARK [2][-]{subsection.3.2}{Platforms and Tools}{section.3}% 5
\BOOKMARK [3][-]{subsubsection.3.2.1}{Native Mobile Applications VS Responsive Web Applications}{subsection.3.2}% 6
\BOOKMARK [3][-]{subsubsection.3.2.2}{Back End Tools}{subsection.3.2}% 7
\BOOKMARK [3][-]{subsubsection.3.2.3}{Front End Tools}{subsection.3.2}% 8
\BOOKMARK [1][-]{section.4}{System Specification}{}% 9
\BOOKMARK [2][-]{subsection.4.1}{Functional Requirements}{section.4}% 10
\BOOKMARK [2][-]{subsection.4.2}{Non-Functional Requirements}{section.4}% 11
\BOOKMARK [1][-]{section.5}{System Designs}{}% 12
\BOOKMARK [2][-]{subsection.5.1}{UI Design}{section.5}% 13
\BOOKMARK [2][-]{subsection.5.2}{Navigation/Control Flow Design}{section.5}% 14
\BOOKMARK [2][-]{subsection.5.3}{Internal Design}{section.5}% 15
\BOOKMARK [1][-]{section.6}{Software Implementation}{}% 16
\BOOKMARK [2][-]{subsection.6.1}{Key Implementation Decisions}{section.6}% 17
\BOOKMARK [2][-]{subsection.6.2}{Implementation Methodology}{section.6}% 18
\BOOKMARK [2][-]{subsection.6.3}{Detailed Description of the User Interface}{section.6}% 19
\BOOKMARK [2][-]{subsection.6.4}{Implementation of System Components}{section.6}% 20
\BOOKMARK [2][-]{subsection.6.5}{Problems Encountered}{section.6}% 21
\BOOKMARK [1][-]{section.7}{Testing of the Project}{}% 22
\BOOKMARK [2][-]{subsection.7.1}{Functional Testing}{section.7}% 23
\BOOKMARK [2][-]{subsection.7.2}{Non-Functional Testing}{section.7}% 24
\BOOKMARK [1][-]{section.8}{Evaluation of the Project}{}% 25
\BOOKMARK [2][-]{subsection.8.1}{User Feedback Testing}{section.8}% 26
\BOOKMARK [2][-]{subsection.8.2}{Successes and Limitations of the Project}{section.8}% 27
\BOOKMARK [1][-]{section.9}{External Aspect}{}% 28
\BOOKMARK [1][-]{section.10}{Further Work}{}% 29
\BOOKMARK [1][-]{section.11}{Summary \046 Personal Evaluation}{}% 30
\BOOKMARK [1][-]{appendix.A}{Appendix}{}% 31
