This is pdfTeX, Version 3.14159265-2.6-1.40.16 (TeX Live 2015) (preloaded format=pdflatex 2015.9.28)  17 FEB 2016 18:34
entering extended mode
 restricted \write18 enabled.
 %&-line parsing enabled.
**dissertation-psyck.tex
(./dissertation-psyck.tex
LaTeX2e <2015/01/01>
Babel <3.9l> and hyphenation patterns for 79 languages loaded.
(/usr/local/texlive/2015/texmf-dist/tex/latex/base/article.cls
Document Class: article 2014/09/29 v1.4h Standard LaTeX document class
(/usr/local/texlive/2015/texmf-dist/tex/latex/base/size11.clo
File: size11.clo 2014/09/29 v1.4h Standard LaTeX file (size option)
)
\c@part=\count79
\c@section=\count80
\c@subsection=\count81
\c@subsubsection=\count82
\c@paragraph=\count83
\c@subparagraph=\count84
\c@figure=\count85
\c@table=\count86
\abovecaptionskip=\skip41
\belowcaptionskip=\skip42
\bibindent=\dimen102
)
(/usr/local/texlive/2015/texmf-dist/tex/latex/etex-pkg/etex.sty
Package: etex 2015/03/02 v2.1 eTeX basic definition package (PEB,DPC)
\et@xins=\count87
)
(/usr/local/texlive/2015/texmf-dist/tex/latex/graphics/graphicx.sty
Package: graphicx 2014/10/28 v1.0g Enhanced LaTeX Graphics (DPC,SPQR)

(/usr/local/texlive/2015/texmf-dist/tex/latex/graphics/keyval.sty
Package: keyval 2014/10/28 v1.15 key=value parser (DPC)
\KV@toks@=\toks14
)
(/usr/local/texlive/2015/texmf-dist/tex/latex/graphics/graphics.sty
Package: graphics 2014/10/28 v1.0p Standard LaTeX Graphics (DPC,SPQR)

(/usr/local/texlive/2015/texmf-dist/tex/latex/graphics/trig.sty
Package: trig 1999/03/16 v1.09 sin cos tan (DPC)
)
(/usr/local/texlive/2015/texmf-dist/tex/latex/latexconfig/graphics.cfg
File: graphics.cfg 2010/04/23 v1.9 graphics configuration of TeX Live
)
Package graphics Info: Driver file: pdftex.def on input line 94.

(/usr/local/texlive/2015/texmf-dist/tex/latex/pdftex-def/pdftex.def
File: pdftex.def 2011/05/27 v0.06d Graphics/color for pdfTeX

(/usr/local/texlive/2015/texmf-dist/tex/generic/oberdiek/infwarerr.sty
Package: infwarerr 2010/04/08 v1.3 Providing info/warning/error messages (HO)
)
(/usr/local/texlive/2015/texmf-dist/tex/generic/oberdiek/ltxcmds.sty
Package: ltxcmds 2011/11/09 v1.22 LaTeX kernel commands for general use (HO)
)
\Gread@gobject=\count88
))
\Gin@req@height=\dimen103
\Gin@req@width=\dimen104
)
(/usr/local/texlive/2015/texmf-dist/tex/latex/hyperref/hyperref.sty
Package: hyperref 2012/11/06 v6.83m Hypertext links for LaTeX

(/usr/local/texlive/2015/texmf-dist/tex/generic/oberdiek/hobsub-hyperref.sty
Package: hobsub-hyperref 2012/05/28 v1.13 Bundle oberdiek, subset hyperref (HO)


(/usr/local/texlive/2015/texmf-dist/tex/generic/oberdiek/hobsub-generic.sty
Package: hobsub-generic 2012/05/28 v1.13 Bundle oberdiek, subset generic (HO)
Package: hobsub 2012/05/28 v1.13 Construct package bundles (HO)
Package hobsub Info: Skipping package `infwarerr' (already loaded).
Package hobsub Info: Skipping package `ltxcmds' (already loaded).
Package: ifluatex 2010/03/01 v1.3 Provides the ifluatex switch (HO)
Package ifluatex Info: LuaTeX not detected.
Package: ifvtex 2010/03/01 v1.5 Detect VTeX and its facilities (HO)
Package ifvtex Info: VTeX not detected.
Package: intcalc 2007/09/27 v1.1 Expandable calculations with integers (HO)
Package: ifpdf 2011/01/30 v2.3 Provides the ifpdf switch (HO)
Package ifpdf Info: pdfTeX in PDF mode is detected.
Package: etexcmds 2011/02/16 v1.5 Avoid name clashes with e-TeX commands (HO)
Package etexcmds Info: Could not find \expanded.
(etexcmds)             That can mean that you are not using pdfTeX 1.50 or
(etexcmds)             that some package has redefined \expanded.
(etexcmds)             In the latter case, load this package earlier.
Package: kvsetkeys 2012/04/25 v1.16 Key value parser (HO)
Package: kvdefinekeys 2011/04/07 v1.3 Define keys (HO)
Package: pdftexcmds 2011/11/29 v0.20 Utility functions of pdfTeX for LuaTeX (HO
)
Package pdftexcmds Info: LuaTeX not detected.
Package pdftexcmds Info: \pdf@primitive is available.
Package pdftexcmds Info: \pdf@ifprimitive is available.
Package pdftexcmds Info: \pdfdraftmode found.
Package: pdfescape 2011/11/25 v1.13 Implements pdfTeX's escape features (HO)
Package: bigintcalc 2012/04/08 v1.3 Expandable calculations on big integers (HO
)
Package: bitset 2011/01/30 v1.1 Handle bit-vector datatype (HO)
Package: uniquecounter 2011/01/30 v1.2 Provide unlimited unique counter (HO)
)
Package hobsub Info: Skipping package `hobsub' (already loaded).
Package: letltxmacro 2010/09/02 v1.4 Let assignment for LaTeX macros (HO)
Package: hopatch 2012/05/28 v1.2 Wrapper for package hooks (HO)
Package: xcolor-patch 2011/01/30 xcolor patch
Package: atveryend 2011/06/30 v1.8 Hooks at the very end of document (HO)
Package atveryend Info: \enddocument detected (standard20110627).
Package: atbegshi 2011/10/05 v1.16 At begin shipout hook (HO)
Package: refcount 2011/10/16 v3.4 Data extraction from label references (HO)
Package: hycolor 2011/01/30 v1.7 Color options for hyperref/bookmark (HO)
)
(/usr/local/texlive/2015/texmf-dist/tex/generic/ifxetex/ifxetex.sty
Package: ifxetex 2010/09/12 v0.6 Provides ifxetex conditional
)
(/usr/local/texlive/2015/texmf-dist/tex/latex/oberdiek/auxhook.sty
Package: auxhook 2011/03/04 v1.3 Hooks for auxiliary files (HO)
)
(/usr/local/texlive/2015/texmf-dist/tex/latex/oberdiek/kvoptions.sty
Package: kvoptions 2011/06/30 v3.11 Key value format for package options (HO)
)
\@linkdim=\dimen105
\Hy@linkcounter=\count89
\Hy@pagecounter=\count90

(/usr/local/texlive/2015/texmf-dist/tex/latex/hyperref/pd1enc.def
File: pd1enc.def 2012/11/06 v6.83m Hyperref: PDFDocEncoding definition (HO)
)
\Hy@SavedSpaceFactor=\count91

(/usr/local/texlive/2015/texmf-dist/tex/latex/latexconfig/hyperref.cfg
File: hyperref.cfg 2002/06/06 v1.2 hyperref configuration of TeXLive
)
Package hyperref Info: Hyper figures OFF on input line 4443.
Package hyperref Info: Link nesting OFF on input line 4448.
Package hyperref Info: Hyper index ON on input line 4451.
Package hyperref Info: Plain pages OFF on input line 4458.
Package hyperref Info: Backreferencing OFF on input line 4463.
Package hyperref Info: Implicit mode ON; LaTeX internals redefined.
Package hyperref Info: Bookmarks ON on input line 4688.
\c@Hy@tempcnt=\count92

(/usr/local/texlive/2015/texmf-dist/tex/latex/url/url.sty
\Urlmuskip=\muskip10
Package: url 2013/09/16  ver 3.4  Verb mode for urls, etc.
)
LaTeX Info: Redefining \url on input line 5041.
\XeTeXLinkMargin=\dimen106
\Fld@menulength=\count93
\Field@Width=\dimen107
\Fld@charsize=\dimen108
Package hyperref Info: Hyper figures OFF on input line 6295.
Package hyperref Info: Link nesting OFF on input line 6300.
Package hyperref Info: Hyper index ON on input line 6303.
Package hyperref Info: backreferencing OFF on input line 6310.
Package hyperref Info: Link coloring OFF on input line 6315.
Package hyperref Info: Link coloring with OCG OFF on input line 6320.
Package hyperref Info: PDF/A mode OFF on input line 6325.
LaTeX Info: Redefining \ref on input line 6365.
LaTeX Info: Redefining \pageref on input line 6369.
\Hy@abspage=\count94
\c@Item=\count95
\c@Hfootnote=\count96
)

Package hyperref Message: Driver (autodetected): hpdftex.

(/usr/local/texlive/2015/texmf-dist/tex/latex/hyperref/hpdftex.def
File: hpdftex.def 2012/11/06 v6.83m Hyperref driver for pdfTeX
\Fld@listcount=\count97
\c@bookmark@seq@number=\count98

(/usr/local/texlive/2015/texmf-dist/tex/latex/oberdiek/rerunfilecheck.sty
Package: rerunfilecheck 2011/04/15 v1.7 Rerun checks for auxiliary files (HO)
Package uniquecounter Info: New unique counter `rerunfilecheck' on input line 2
82.
)
\Hy@SectionHShift=\skip43
)
(./fancyeq.sty
Package: fancyeq 

(/usr/local/texlive/2015/texmf-dist/tex/latex/amsmath/amsmath.sty
Package: amsmath 2013/01/14 v2.14 AMS math features
\@mathmargin=\skip44

For additional information on amsmath, use the `?' option.
(/usr/local/texlive/2015/texmf-dist/tex/latex/amsmath/amstext.sty
Package: amstext 2000/06/29 v2.01

(/usr/local/texlive/2015/texmf-dist/tex/latex/amsmath/amsgen.sty
File: amsgen.sty 1999/11/30 v2.0
\@emptytoks=\toks15
\ex@=\dimen109
))
(/usr/local/texlive/2015/texmf-dist/tex/latex/amsmath/amsbsy.sty
Package: amsbsy 1999/11/29 v1.2d
\pmbraise@=\dimen110
)
(/usr/local/texlive/2015/texmf-dist/tex/latex/amsmath/amsopn.sty
Package: amsopn 1999/12/14 v2.01 operator names
)
\inf@bad=\count99
LaTeX Info: Redefining \frac on input line 210.
\uproot@=\count100
\leftroot@=\count101
LaTeX Info: Redefining \overline on input line 306.
\classnum@=\count102
\DOTSCASE@=\count103
LaTeX Info: Redefining \ldots on input line 378.
LaTeX Info: Redefining \dots on input line 381.
LaTeX Info: Redefining \cdots on input line 466.
\Mathstrutbox@=\box26
\strutbox@=\box27
\big@size=\dimen111
LaTeX Font Info:    Redeclaring font encoding OML on input line 566.
LaTeX Font Info:    Redeclaring font encoding OMS on input line 567.
\macc@depth=\count104
\c@MaxMatrixCols=\count105
\dotsspace@=\muskip11
\c@parentequation=\count106
\dspbrk@lvl=\count107
\tag@help=\toks16
\row@=\count108
\column@=\count109
\maxfields@=\count110
\andhelp@=\toks17
\eqnshift@=\dimen112
\alignsep@=\dimen113
\tagshift@=\dimen114
\tagwidth@=\dimen115
\totwidth@=\dimen116
\lineht@=\dimen117
\@envbody=\toks18
\multlinegap=\skip45
\multlinetaggap=\skip46
\mathdisplay@stack=\toks19
LaTeX Info: Redefining \[ on input line 2665.
LaTeX Info: Redefining \] on input line 2666.
)
(/usr/local/texlive/2015/texmf-dist/tex/latex/polytable/polytable.sty
Package: polytable 2013/07/18 v0.8.5 `polytable' package (Andres Loeh)

(/usr/local/texlive/2015/texmf-dist/tex/latex/lazylist/lazylist.sty)
(/usr/local/texlive/2015/texmf-dist/tex/latex/tools/array.sty
Package: array 2014/10/28 v2.4c Tabular extension package (FMi)
\col@sep=\dimen118
\extrarowheight=\dimen119
\NC@list=\toks20
\extratabsurround=\skip47
\backup@length=\skip48
)
\PT@colwidth=\dimen120
\PT@cols=\count111
\PT@table=\count112
\PT@toks=\toks21
\PT@in=\read1
\PT@out=\write3
))
(/usr/local/texlive/2015/texmf-dist/tex/latex/tools/tabularx.sty
Package: tabularx 2014/10/28 v2.10 `tabularx' package (DPC)
\TX@col@width=\dimen121
\TX@old@table=\dimen122
\TX@old@col=\dimen123
\TX@target=\dimen124
\TX@delta=\dimen125
\TX@cols=\count113
\TX@ftn=\toks22
)
(/usr/local/texlive/2015/texmf-dist/tex/latex/amsfonts/amssymb.sty
Package: amssymb 2013/01/14 v3.01 AMS font symbols

(/usr/local/texlive/2015/texmf-dist/tex/latex/amsfonts/amsfonts.sty
Package: amsfonts 2013/01/14 v3.01 Basic AMSFonts support
\symAMSa=\mathgroup4
\symAMSb=\mathgroup5
LaTeX Font Info:    Overwriting math alphabet `\mathfrak' in version `bold'
(Font)                  U/euf/m/n --> U/euf/b/n on input line 106.
))
(/usr/local/texlive/2015/texmf-dist/tex/latex/tools/longtable.sty
Package: longtable 2014/10/28 v4.11 Multi-page Table package (DPC)
\LTleft=\skip49
\LTright=\skip50
\LTpre=\skip51
\LTpost=\skip52
\LTchunksize=\count114
\LTcapwidth=\dimen126
\LT@head=\box28
\LT@firsthead=\box29
\LT@foot=\box30
\LT@lastfoot=\box31
\LT@cols=\count115
\LT@rows=\count116
\c@LT@tables=\count117
\c@LT@chunks=\count118
\LT@p@ftn=\toks23
)
(/usr/local/texlive/2015/texmf-dist/tex/latex/fancyhdr/fancyhdr.sty
\fancy@headwidth=\skip53
\f@ncyO@elh=\skip54
\f@ncyO@erh=\skip55
\f@ncyO@olh=\skip56
\f@ncyO@orh=\skip57
\f@ncyO@elf=\skip58
\f@ncyO@erf=\skip59
\f@ncyO@olf=\skip60
\f@ncyO@orf=\skip61
)
(/usr/local/texlive/2015/texmf-dist/tex/latex/multirow/multirow.sty
\bigstrutjot=\dimen127
)
(/usr/local/texlive/2015/texmf-dist/tex/latex/tocloft/tocloft.sty
Package: tocloft 2013/05/02 v2.3f parameterised ToC, etc., typesetting
Package tocloft Info: The document has section divisions on input line 44.
\cftparskip=\skip62
\cftbeforetoctitleskip=\skip63
\cftaftertoctitleskip=\skip64
\cftbeforepartskip=\skip65
\cftpartnumwidth=\skip66
\cftpartindent=\skip67
\cftbeforesecskip=\skip68
\cftsecindent=\skip69
\cftsecnumwidth=\skip70
\cftbeforesubsecskip=\skip71
\cftsubsecindent=\skip72
\cftsubsecnumwidth=\skip73
\cftbeforesubsubsecskip=\skip74
\cftsubsubsecindent=\skip75
\cftsubsubsecnumwidth=\skip76
\cftbeforeparaskip=\skip77
\cftparaindent=\skip78
\cftparanumwidth=\skip79
\cftbeforesubparaskip=\skip80
\cftsubparaindent=\skip81
\cftsubparanumwidth=\skip82
\cftbeforeloftitleskip=\skip83
\cftafterloftitleskip=\skip84
\cftbeforefigskip=\skip85
\cftfigindent=\skip86
\cftfignumwidth=\skip87
\c@lofdepth=\count119
\c@lotdepth=\count120
\cftbeforelottitleskip=\skip88
\cftafterlottitleskip=\skip89
\cftbeforetabskip=\skip90
\cfttabindent=\skip91
\cfttabnumwidth=\skip92
)
(/usr/local/texlive/2015/texmf-dist/tex/latex/graphics/lscape.sty
Package: lscape 2000/10/22 v3.01 Landscape Pages (DPC)
)
(/usr/local/texlive/2015/texmf-dist/tex/latex/oberdiek/transparent.sty
Package: transparent 2007/01/08 v1.0 Transparency via pdfTeX's color stack (HO)

)
(/usr/local/texlive/2015/texmf-dist/tex/latex/caption/subcaption.sty
Package: subcaption 2013/02/03 v1.1-62 Sub-captions (AR)

(/usr/local/texlive/2015/texmf-dist/tex/latex/caption/caption.sty
Package: caption 2013/05/02 v3.3-89 Customizing captions (AR)

(/usr/local/texlive/2015/texmf-dist/tex/latex/caption/caption3.sty
Package: caption3 2013/05/02 v1.6-88 caption3 kernel (AR)
Package caption3 Info: TeX engine: e-TeX on input line 57.
\captionmargin=\dimen128
\captionmargin@=\dimen129
\captionwidth=\dimen130
\caption@tempdima=\dimen131
\caption@indent=\dimen132
\caption@parindent=\dimen133
\caption@hangindent=\dimen134
)
\c@ContinuedFloat=\count121
Package caption Info: hyperref package is loaded.
Package caption Info: longtable package is loaded.

(/usr/local/texlive/2015/texmf-dist/tex/latex/caption/ltcaption.sty
Package: ltcaption 2013/02/03 v1.3-62 longtable captions (AR)
))
\c@subfigure=\count122
\c@subtable=\count123
)
(/usr/local/texlive/2015/texmf-dist/tex/latex/rotating/rotating.sty
Package: rotating 2009/03/28 v2.16a rotated objects in LaTeX

(/usr/local/texlive/2015/texmf-dist/tex/latex/base/ifthen.sty
Package: ifthen 2014/09/29 v1.1c Standard LaTeX ifthen package (DPC)
)
\c@r@tfl@t=\count124
\rotFPtop=\skip93
\rotFPbot=\skip94
\rot@float@box=\box32
\rot@mess@toks=\toks24
)
(/usr/local/texlive/2015/texmf-dist/tex/latex/titlesec/titletoc.sty
Package: titletoc 2011/12/15 v1.6 TOC entries
\ttl@leftsep=\dimen135
)
(/usr/local/texlive/2015/texmf-dist/tex/latex/setspace/setspace.sty
Package: setspace 2011/12/19 v6.7a set line spacing
)
(/usr/local/texlive/2015/texmf-dist/tex/generic/xypic/xy.sty
(/usr/local/texlive/2015/texmf-dist/tex/generic/xypic/xy.tex Bootstrap'ing:
catcodes, docmode,
(/usr/local/texlive/2015/texmf-dist/tex/generic/xypic/xyrecat.tex)
(/usr/local/texlive/2015/texmf-dist/tex/generic/xypic/xyidioms.tex)

 Xy-pic version 3.8.9 <2013/10/06>
 Copyright (c) 1991-2013 by Kristoffer H. Rose <krisrose@tug.org> and others
 Xy-pic is free software: see the User's Guide for details.

Loading kernel: messages; fonts; allocations: state,
\X@c=\dimen136
\Y@c=\dimen137
\U@c=\dimen138
\D@c=\dimen139
\L@c=\dimen140
\R@c=\dimen141
\Edge@c=\toks25
\X@p=\dimen142
\Y@p=\dimen143
\U@p=\dimen144
\D@p=\dimen145
\L@p=\dimen146
\R@p=\dimen147
\Edge@p=\toks26
\X@origin=\dimen148
\Y@origin=\dimen149
\X@xbase=\dimen150
\Y@xbase=\dimen151
\X@ybase=\dimen152
\Y@ybase=\dimen153
\X@min=\dimen154
\Y@min=\dimen155
\X@max=\dimen156
\Y@max=\dimen157
\lastobjectbox@=\box33
\zerodotbox@=\box34
\almostz@=\dimen158
 direction,
\d@X=\dimen159
\d@Y=\dimen160
\K@=\count125
\KK@=\count126
\Direction=\count127
\K@dXdY=\dimen161
\K@dYdX=\dimen162
\xyread@=\read2
\xywrite@=\write4
\csp@=\count128
\quotPTK@=\dimen163

utility macros; pictures: \xy, positions,
\swaptoks@@=\toks27
\connectobjectbox@@=\box35
 objects,
\styletoks@=\toks28
 decorations;
kernel objects: directionals, circles, text; options; algorithms: directions,
edges, connections;  Xy-pic loaded)
Package: xy 2013/10/06 Xy-pic version 3.8.9

(/usr/local/texlive/2015/texmf-dist/tex/generic/xypic/xyall.tex
 Xy-pic option: All features v.3.8
(/usr/local/texlive/2015/texmf-dist/tex/generic/xypic/xycurve.tex
 Xy-pic option: Curve and Spline extension v.3.12 curve,
\crv@cnt@=\count129
\crvpts@=\toks29
\splinebox@=\box36
\splineval@=\dimen164
\splinedepth@=\dimen165
\splinetol@=\dimen166
\splinelength@=\dimen167
 circles,
\L@=\dimen168
 loaded)
(/usr/local/texlive/2015/texmf-dist/tex/generic/xypic/xyframe.tex
 Xy-pic option: Frame and Bracket extension v.3.14 loaded)
(/usr/local/texlive/2015/texmf-dist/tex/generic/xypic/xycmtip.tex
 Xy-pic option: Computer Modern tip extension v.3.7
(/usr/local/texlive/2015/texmf-dist/tex/generic/xypic/xytips.tex
 Xy-pic option: More Tips extension v.3.11 loaded) loaded)
(/usr/local/texlive/2015/texmf-dist/tex/generic/xypic/xyline.tex
 Xy-pic option: Line styles extension v.3.10
\xylinethick@=\dimen169
 loaded)
(/usr/local/texlive/2015/texmf-dist/tex/generic/xypic/xyrotate.tex
 Xy-pic option: Rotate and Scale extension v.3.8 loaded)
(/usr/local/texlive/2015/texmf-dist/tex/generic/xypic/xycolor.tex
 Xy-pic option: Colour extension v.3.11 loaded)
(/usr/local/texlive/2015/texmf-dist/tex/generic/xypic/xymatrix.tex
 Xy-pic option: Matrix feature v.3.14
\Row=\count130
\Col=\count131
\queue@=\toks30
\queue@@=\toks31
\qcount@=\count132
\qcount@@=\count133
\matrixsize@=\count134
 loaded)
(/usr/local/texlive/2015/texmf-dist/tex/generic/xypic/xyarrow.tex
 Xy-pic option: Arrow and Path feature v.3.9 path, \ar, loaded)
(/usr/local/texlive/2015/texmf-dist/tex/generic/xypic/xygraph.tex
 Xy-pic option: Graph feature v.3.11 loaded) loaded)
(/usr/local/texlive/2015/texmf-dist/tex/generic/xypic/xypdf.tex
 Xy-pic option: PDF driver v.1.7 Xy-pic pdf driver: `color' extension support
(/usr/local/texlive/2015/texmf-dist/tex/generic/xypic/xypdf-co.tex loaded)
Xy-pic pdf driver: `curve' extension support
(/usr/local/texlive/2015/texmf-dist/tex/generic/xypic/xypdf-cu.tex loaded)
Xy-pic pdf driver: `frame' extension support
(/usr/local/texlive/2015/texmf-dist/tex/generic/xypic/xypdf-fr.tex loaded)
Xy-pic pdf driver: `line' extension support
(/usr/local/texlive/2015/texmf-dist/tex/generic/xypic/xypdf-li.tex loaded)
Xy-pic pdf driver: `rotate' extension support
(/usr/local/texlive/2015/texmf-dist/tex/generic/xypic/xypdf-ro.tex loaded)
loaded)) (/usr/local/texlive/2015/texmf-dist/tex/latex/ncctools/nccmath.sty
Package: nccmath 2005/02/21 v1.2 Additional Math Commands (NCC)
\NCC@fracrulewidth=\dimen170
)
(/usr/local/texlive/2015/texmf-dist/tex/latex/pgfgantt/pgfgantt.sty
Package: pgfgantt 2013/06/01 v4.0 Draw Gantt diagrams with TikZ

(/usr/local/texlive/2015/texmf-dist/tex/latex/pgf/frontendlayer/tikz.sty
(/usr/local/texlive/2015/texmf-dist/tex/latex/pgf/basiclayer/pgf.sty
(/usr/local/texlive/2015/texmf-dist/tex/latex/pgf/utilities/pgfrcs.sty
(/usr/local/texlive/2015/texmf-dist/tex/generic/pgf/utilities/pgfutil-common.te
x
\pgfutil@everybye=\toks32
\pgfutil@tempdima=\dimen171
\pgfutil@tempdimb=\dimen172

(/usr/local/texlive/2015/texmf-dist/tex/generic/pgf/utilities/pgfutil-common-li
sts.tex))
(/usr/local/texlive/2015/texmf-dist/tex/generic/pgf/utilities/pgfutil-latex.def
\pgfutil@abb=\box37
(/usr/local/texlive/2015/texmf-dist/tex/latex/ms/everyshi.sty
Package: everyshi 2001/05/15 v3.00 EveryShipout Package (MS)
))
(/usr/local/texlive/2015/texmf-dist/tex/generic/pgf/utilities/pgfrcs.code.tex
Package: pgfrcs 2013/12/20 v3.0.0 (rcs-revision 1.28)
))
Package: pgf 2013/12/18 v3.0.0 (rcs-revision 1.14)
(/usr/local/texlive/2015/texmf-dist/tex/latex/pgf/basiclayer/pgfcore.sty
(/usr/local/texlive/2015/texmf-dist/tex/latex/pgf/systemlayer/pgfsys.sty
(/usr/local/texlive/2015/texmf-dist/tex/generic/pgf/systemlayer/pgfsys.code.tex
Package: pgfsys 2013/11/30 v3.0.0 (rcs-revision 1.47)
(/usr/local/texlive/2015/texmf-dist/tex/generic/pgf/utilities/pgfkeys.code.tex
\pgfkeys@pathtoks=\toks33
\pgfkeys@temptoks=\toks34

(/usr/local/texlive/2015/texmf-dist/tex/generic/pgf/utilities/pgfkeysfiltered.c
ode.tex
\pgfkeys@tmptoks=\toks35
))
\pgf@x=\dimen173
\pgf@y=\dimen174
\pgf@xa=\dimen175
\pgf@ya=\dimen176
\pgf@xb=\dimen177
\pgf@yb=\dimen178
\pgf@xc=\dimen179
\pgf@yc=\dimen180
\w@pgf@writea=\write5
\r@pgf@reada=\read3
\c@pgf@counta=\count135
\c@pgf@countb=\count136
\c@pgf@countc=\count137
\c@pgf@countd=\count138
\t@pgf@toka=\toks36
\t@pgf@tokb=\toks37
\t@pgf@tokc=\toks38

(/usr/local/texlive/2015/texmf-dist/tex/generic/pgf/systemlayer/pgf.cfg
File: pgf.cfg 2008/05/14  (rcs-revision 1.7)
)
Driver file for pgf: pgfsys-pdftex.def

(/usr/local/texlive/2015/texmf-dist/tex/generic/pgf/systemlayer/pgfsys-pdftex.d
ef
File: pgfsys-pdftex.def 2013/07/18  (rcs-revision 1.33)

(/usr/local/texlive/2015/texmf-dist/tex/generic/pgf/systemlayer/pgfsys-common-p
df.def
File: pgfsys-common-pdf.def 2013/10/10  (rcs-revision 1.13)
)))
(/usr/local/texlive/2015/texmf-dist/tex/generic/pgf/systemlayer/pgfsyssoftpath.
code.tex
File: pgfsyssoftpath.code.tex 2013/09/09  (rcs-revision 1.9)
\pgfsyssoftpath@smallbuffer@items=\count139
\pgfsyssoftpath@bigbuffer@items=\count140
)
(/usr/local/texlive/2015/texmf-dist/tex/generic/pgf/systemlayer/pgfsysprotocol.
code.tex
File: pgfsysprotocol.code.tex 2006/10/16  (rcs-revision 1.4)
)) (/usr/local/texlive/2015/texmf-dist/tex/latex/xcolor/xcolor.sty
Package: xcolor 2007/01/21 v2.11 LaTeX color extensions (UK)

(/usr/local/texlive/2015/texmf-dist/tex/latex/latexconfig/color.cfg
File: color.cfg 2007/01/18 v1.5 color configuration of teTeX/TeXLive
)
Package xcolor Info: Driver file: pdftex.def on input line 225.
Package xcolor Info: Model `cmy' substituted by `cmy0' on input line 1337.
Package xcolor Info: Model `hsb' substituted by `rgb' on input line 1341.
Package xcolor Info: Model `RGB' extended on input line 1353.
Package xcolor Info: Model `HTML' substituted by `rgb' on input line 1355.
Package xcolor Info: Model `Hsb' substituted by `hsb' on input line 1356.
Package xcolor Info: Model `tHsb' substituted by `hsb' on input line 1357.
Package xcolor Info: Model `HSB' substituted by `hsb' on input line 1358.
Package xcolor Info: Model `Gray' substituted by `gray' on input line 1359.
Package xcolor Info: Model `wave' substituted by `hsb' on input line 1360.
)
(/usr/local/texlive/2015/texmf-dist/tex/generic/pgf/basiclayer/pgfcore.code.tex
Package: pgfcore 2010/04/11 v3.0.0 (rcs-revision 1.7)
(/usr/local/texlive/2015/texmf-dist/tex/generic/pgf/math/pgfmath.code.tex
(/usr/local/texlive/2015/texmf-dist/tex/generic/pgf/math/pgfmathcalc.code.tex
(/usr/local/texlive/2015/texmf-dist/tex/generic/pgf/math/pgfmathutil.code.tex)
(/usr/local/texlive/2015/texmf-dist/tex/generic/pgf/math/pgfmathparser.code.tex
\pgfmath@dimen=\dimen181
\pgfmath@count=\count141
\pgfmath@box=\box38
\pgfmath@toks=\toks39
\pgfmath@stack@operand=\toks40
\pgfmath@stack@operation=\toks41
)
(/usr/local/texlive/2015/texmf-dist/tex/generic/pgf/math/pgfmathfunctions.code.
tex
(/usr/local/texlive/2015/texmf-dist/tex/generic/pgf/math/pgfmathfunctions.basic
.code.tex)
(/usr/local/texlive/2015/texmf-dist/tex/generic/pgf/math/pgfmathfunctions.trigo
nometric.code.tex)
(/usr/local/texlive/2015/texmf-dist/tex/generic/pgf/math/pgfmathfunctions.rando
m.code.tex)
(/usr/local/texlive/2015/texmf-dist/tex/generic/pgf/math/pgfmathfunctions.compa
rison.code.tex)
(/usr/local/texlive/2015/texmf-dist/tex/generic/pgf/math/pgfmathfunctions.base.
code.tex)
(/usr/local/texlive/2015/texmf-dist/tex/generic/pgf/math/pgfmathfunctions.round
.code.tex)
(/usr/local/texlive/2015/texmf-dist/tex/generic/pgf/math/pgfmathfunctions.misc.
code.tex)
(/usr/local/texlive/2015/texmf-dist/tex/generic/pgf/math/pgfmathfunctions.integ
erarithmetics.code.tex)))
(/usr/local/texlive/2015/texmf-dist/tex/generic/pgf/math/pgfmathfloat.code.tex
\c@pgfmathroundto@lastzeros=\count142
))
(/usr/local/texlive/2015/texmf-dist/tex/generic/pgf/basiclayer/pgfcorepoints.co
de.tex
File: pgfcorepoints.code.tex 2013/10/07  (rcs-revision 1.27)
\pgf@picminx=\dimen182
\pgf@picmaxx=\dimen183
\pgf@picminy=\dimen184
\pgf@picmaxy=\dimen185
\pgf@pathminx=\dimen186
\pgf@pathmaxx=\dimen187
\pgf@pathminy=\dimen188
\pgf@pathmaxy=\dimen189
\pgf@xx=\dimen190
\pgf@xy=\dimen191
\pgf@yx=\dimen192
\pgf@yy=\dimen193
\pgf@zx=\dimen194
\pgf@zy=\dimen195
)
(/usr/local/texlive/2015/texmf-dist/tex/generic/pgf/basiclayer/pgfcorepathconst
ruct.code.tex
File: pgfcorepathconstruct.code.tex 2013/10/07  (rcs-revision 1.29)
\pgf@path@lastx=\dimen196
\pgf@path@lasty=\dimen197
)
(/usr/local/texlive/2015/texmf-dist/tex/generic/pgf/basiclayer/pgfcorepathusage
.code.tex
File: pgfcorepathusage.code.tex 2013/12/13  (rcs-revision 1.23)
\pgf@shorten@end@additional=\dimen198
\pgf@shorten@start@additional=\dimen199
)
(/usr/local/texlive/2015/texmf-dist/tex/generic/pgf/basiclayer/pgfcorescopes.co
de.tex
File: pgfcorescopes.code.tex 2013/10/09  (rcs-revision 1.44)
\pgfpic=\box39
\pgf@hbox=\box40
\pgf@layerbox@main=\box41
\pgf@picture@serial@count=\count143
)
(/usr/local/texlive/2015/texmf-dist/tex/generic/pgf/basiclayer/pgfcoregraphicst
ate.code.tex
File: pgfcoregraphicstate.code.tex 2013/09/19  (rcs-revision 1.11)
\pgflinewidth=\dimen200
)
(/usr/local/texlive/2015/texmf-dist/tex/generic/pgf/basiclayer/pgfcoretransform
ations.code.tex
File: pgfcoretransformations.code.tex 2013/10/10  (rcs-revision 1.17)
\pgf@pt@x=\dimen201
\pgf@pt@y=\dimen202
\pgf@pt@temp=\dimen203
)
(/usr/local/texlive/2015/texmf-dist/tex/generic/pgf/basiclayer/pgfcorequick.cod
e.tex
File: pgfcorequick.code.tex 2008/10/09  (rcs-revision 1.3)
)
(/usr/local/texlive/2015/texmf-dist/tex/generic/pgf/basiclayer/pgfcoreobjects.c
ode.tex
File: pgfcoreobjects.code.tex 2006/10/11  (rcs-revision 1.2)
)
(/usr/local/texlive/2015/texmf-dist/tex/generic/pgf/basiclayer/pgfcorepathproce
ssing.code.tex
File: pgfcorepathprocessing.code.tex 2013/09/09  (rcs-revision 1.9)
)
(/usr/local/texlive/2015/texmf-dist/tex/generic/pgf/basiclayer/pgfcorearrows.co
de.tex
File: pgfcorearrows.code.tex 2013/11/07  (rcs-revision 1.40)
\pgfarrowsep=\dimen204
)
(/usr/local/texlive/2015/texmf-dist/tex/generic/pgf/basiclayer/pgfcoreshade.cod
e.tex
File: pgfcoreshade.code.tex 2013/07/15  (rcs-revision 1.15)
\pgf@max=\dimen205
\pgf@sys@shading@range@num=\count144
)
(/usr/local/texlive/2015/texmf-dist/tex/generic/pgf/basiclayer/pgfcoreimage.cod
e.tex
File: pgfcoreimage.code.tex 2013/07/15  (rcs-revision 1.18)

(/usr/local/texlive/2015/texmf-dist/tex/generic/pgf/basiclayer/pgfcoreexternal.
code.tex
File: pgfcoreexternal.code.tex 2013/07/15  (rcs-revision 1.20)
\pgfexternal@startupbox=\box42
))
(/usr/local/texlive/2015/texmf-dist/tex/generic/pgf/basiclayer/pgfcorelayers.co
de.tex
File: pgfcorelayers.code.tex 2013/07/18  (rcs-revision 1.7)
)
(/usr/local/texlive/2015/texmf-dist/tex/generic/pgf/basiclayer/pgfcoretranspare
ncy.code.tex
File: pgfcoretransparency.code.tex 2013/09/30  (rcs-revision 1.5)
)
(/usr/local/texlive/2015/texmf-dist/tex/generic/pgf/basiclayer/pgfcorepatterns.
code.tex
File: pgfcorepatterns.code.tex 2013/11/07  (rcs-revision 1.5)
)))
(/usr/local/texlive/2015/texmf-dist/tex/generic/pgf/modules/pgfmoduleshapes.cod
e.tex
File: pgfmoduleshapes.code.tex 2013/10/31  (rcs-revision 1.34)
\pgfnodeparttextbox=\box43
)
(/usr/local/texlive/2015/texmf-dist/tex/generic/pgf/modules/pgfmoduleplot.code.
tex
File: pgfmoduleplot.code.tex 2013/07/31  (rcs-revision 1.12)
)
(/usr/local/texlive/2015/texmf-dist/tex/latex/pgf/compatibility/pgfcomp-version
-0-65.sty
Package: pgfcomp-version-0-65 2007/07/03 v3.0.0 (rcs-revision 1.7)
\pgf@nodesepstart=\dimen206
\pgf@nodesepend=\dimen207
)
(/usr/local/texlive/2015/texmf-dist/tex/latex/pgf/compatibility/pgfcomp-version
-1-18.sty
Package: pgfcomp-version-1-18 2007/07/23 v3.0.0 (rcs-revision 1.1)
))
(/usr/local/texlive/2015/texmf-dist/tex/latex/pgf/utilities/pgffor.sty
(/usr/local/texlive/2015/texmf-dist/tex/latex/pgf/utilities/pgfkeys.sty
(/usr/local/texlive/2015/texmf-dist/tex/generic/pgf/utilities/pgfkeys.code.tex)
) (/usr/local/texlive/2015/texmf-dist/tex/latex/pgf/math/pgfmath.sty
(/usr/local/texlive/2015/texmf-dist/tex/generic/pgf/math/pgfmath.code.tex))
(/usr/local/texlive/2015/texmf-dist/tex/generic/pgf/utilities/pgffor.code.tex
Package: pgffor 2013/12/13 v3.0.0 (rcs-revision 1.25)

(/usr/local/texlive/2015/texmf-dist/tex/generic/pgf/math/pgfmath.code.tex)
\pgffor@iter=\dimen208
\pgffor@skip=\dimen209
\pgffor@stack=\toks42
\pgffor@toks=\toks43
))
(/usr/local/texlive/2015/texmf-dist/tex/generic/pgf/frontendlayer/tikz/tikz.cod
e.tex
Package: tikz 2013/12/13 v3.0.0 (rcs-revision 1.142)

(/usr/local/texlive/2015/texmf-dist/tex/generic/pgf/libraries/pgflibraryplothan
dlers.code.tex
File: pgflibraryplothandlers.code.tex 2013/08/31 v3.0.0 (rcs-revision 1.20)
\pgf@plot@mark@count=\count145
\pgfplotmarksize=\dimen210
)
\tikz@lastx=\dimen211
\tikz@lasty=\dimen212
\tikz@lastxsaved=\dimen213
\tikz@lastysaved=\dimen214
\tikzleveldistance=\dimen215
\tikzsiblingdistance=\dimen216
\tikz@figbox=\box44
\tikz@figbox@bg=\box45
\tikz@tempbox=\box46
\tikz@tempbox@bg=\box47
\tikztreelevel=\count146
\tikznumberofchildren=\count147
\tikznumberofcurrentchild=\count148
\tikz@fig@count=\count149

(/usr/local/texlive/2015/texmf-dist/tex/generic/pgf/modules/pgfmodulematrix.cod
e.tex
File: pgfmodulematrix.code.tex 2013/09/17  (rcs-revision 1.8)
\pgfmatrixcurrentrow=\count150
\pgfmatrixcurrentcolumn=\count151
\pgf@matrix@numberofcolumns=\count152
)
\tikz@expandcount=\count153

(/usr/local/texlive/2015/texmf-dist/tex/generic/pgf/frontendlayer/tikz/librarie
s/tikzlibrarytopaths.code.tex
File: tikzlibrarytopaths.code.tex 2008/06/17 v3.0.0 (rcs-revision 1.2)
)))
(/usr/local/texlive/2015/texmf-dist/tex/generic/pgf/frontendlayer/tikz/librarie
s/tikzlibraryarrows.code.tex
File: tikzlibraryarrows.code.tex 2008/01/09 v3.0.0 (rcs-revision 1.1)

(/usr/local/texlive/2015/texmf-dist/tex/generic/pgf/libraries/pgflibraryarrows.
code.tex
File: pgflibraryarrows.code.tex 2013/09/23 v3.0.0 (rcs-revision 1.16)
\arrowsize=\dimen217
))
(/usr/local/texlive/2015/texmf-dist/tex/generic/pgf/frontendlayer/tikz/librarie
s/tikzlibrarybackgrounds.code.tex
File: tikzlibrarybackgrounds.code.tex 2013/07/18 v3.0.0 (rcs-revision 1.3)
\pgf@layerbox@background=\box48
\pgf@layerboxsaved@background=\box49
)
(/usr/local/texlive/2015/texmf-dist/tex/generic/pgf/frontendlayer/tikz/librarie
s/tikzlibrarycalc.code.tex
File: tikzlibrarycalc.code.tex 2013/07/15 v3.0.0 (rcs-revision 1.9)
)
(/usr/local/texlive/2015/texmf-dist/tex/generic/pgf/frontendlayer/tikz/librarie
s/tikzlibrarypatterns.code.tex
File: tikzlibrarypatterns.code.tex 2008/01/15 v3.0.0 (rcs-revision 1.2)

(/usr/local/texlive/2015/texmf-dist/tex/generic/pgf/libraries/pgflibrarypattern
s.code.tex
File: pgflibrarypatterns.code.tex 2008/03/03 v3.0.0 (rcs-revision 1.13)
))
(/usr/local/texlive/2015/texmf-dist/tex/generic/pgf/frontendlayer/tikz/librarie
s/tikzlibrarypositioning.code.tex
File: tikzlibrarypositioning.code.tex 2008/10/06 v3.0.0 (rcs-revision 1.7)
)
(/usr/local/texlive/2015/texmf-dist/tex/generic/pgf/frontendlayer/tikz/librarie
s/tikzlibraryshapes.geometric.code.tex
File: tikzlibraryshapes.geometric.code.tex 2008/01/09 v3.0.0 (rcs-revision 1.1)


(/usr/local/texlive/2015/texmf-dist/tex/generic/pgf/libraries/shapes/pgflibrary
shapes.geometric.code.tex
File: pgflibraryshapes.geometric.code.tex 2008/06/26 v3.0.0 (rcs-revision 1.1)
))
(/usr/local/texlive/2015/texmf-dist/tex/latex/pgf/utilities/pgfcalendar.sty
(/usr/local/texlive/2015/texmf-dist/tex/generic/pgf/utilities/pgfcalendar.code.
tex
File: pgfcalendar.code.tex 2007/07/23 v3.0.0 (rcs-revision 1.11)
\pgfcalendarcurrentjulian=\count154
))
\gtt@currentline=\count155
\gtt@lasttitleline=\count156
\gtt@currgrid=\count157
\gtt@chartwidth=\count158
\gtt@lasttitleslot=\count159
\gtt@elementid=\count160
\gtt@today@slot=\count161
\gtt@startjulian=\count162
\gtt@endjulian=\count163
\gtt@calendar@slots=\count164
\gtt@calendar@weeknumber=\count165
\gtt@calendar@startofweek=\count166
\gtt@left@slot=\count167
\gtt@right@slot=\count168
) (/usr/local/texlive/2015/texmf-dist/tex/latex/geometry/geometry.sty
Package: geometry 2010/09/12 v5.6 Page Geometry
\Gm@cnth=\count169
\Gm@cntv=\count170
\c@Gm@tempcnt=\count171
\Gm@bindingoffset=\dimen218
\Gm@wd@mp=\dimen219
\Gm@odd@mp=\dimen220
\Gm@even@mp=\dimen221
\Gm@layoutwidth=\dimen222
\Gm@layoutheight=\dimen223
\Gm@layouthoffset=\dimen224
\Gm@layoutvoffset=\dimen225
\Gm@dimlist=\toks44
)
(/usr/local/texlive/2015/texmf-dist/tex/latex/qtree/qtree.sty
Package: 2008/12/12 v.3.1bQtree: tree-drawing for linguistics
Package: qtree 2008/12/12 v.3.1bQtree: tree-drawing for linguistics
(/usr/local/texlive/2015/texmf-dist/tex/latex/pict2e/pict2e.sty
Package: pict2e 2014/01/12 v0.2z Improved picture commands (HjG,RN,JT)

(/usr/local/texlive/2015/texmf-dist/tex/latex/pict2e/pict2e.cfg
File: pict2e.cfg 2011/04/05 v0.1t pict2e configuration for teTeX/TeXLive
)
Package pict2e Info: Driver file: pdftex.def on input line 119.
Package pict2e Info: Driver file for pict2e: p2e-pdftex.def on input line 121.

(/usr/local/texlive/2015/texmf-dist/tex/latex/pict2e/p2e-pdftex.def
File: p2e-pdftex.def 2011/04/05 v0.1t Driver-dependant file (RN,HjG,JT)
)
\pIIe@GRAPH=\toks45
\@arclen=\dimen226
\@arcrad=\dimen227
\@tempdimd=\dimen228
)
\c@treecount=\count172
\c@branchcount=\count173
\parentbox=\box50
\treebox=\box51
\treeboxone=\box52
\treeboxtwo=\box53
\treeboxthree=\box54
\treeboxfour=\box55
\treeboxfive=\box56
\treeboxsix=\box57
\treeboxseven=\box58
\treeboxeight=\box59
\treeboxnine=\box60
\treeboxten=\box61
\treeboxeleven=\box62
\treeboxtwelve=\box63
\treeboxthirteen=\box64
\treeboxfourteen=\box65
\treeboxfifteen=\box66
\treeboxsixteen=\box67
\treeboxseventeen=\box68
\treeboxeighteen=\box69
\treeboxnineteen=\box70
\treeboxtwenty=\box71
\treeoffsetone=\skip95
\treeoffsettwo=\skip96
\treeoffsetthree=\skip97
\treeoffsetfour=\skip98
\treeoffsetfive=\skip99
\treeoffsetsix=\skip100
\treeoffsetseven=\skip101
\treeoffseteight=\skip102
\treeoffsetnine=\skip103
\treeoffsetten=\skip104
\treeoffseteleven=\skip105
\treeoffsettwelve=\skip106
\treeoffsetthirteen=\skip107
\treeoffsetfourteen=\skip108
\treeoffsetfifteen=\skip109
\treeoffsetsixteen=\skip110
\treeoffsetseventeen=\skip111
\treeoffseteighteen=\skip112
\treeoffsetnineteen=\skip113
\treeoffsettwenty=\skip114
\treeshiftone=\skip115
\treeshifttwo=\skip116
\treeshiftthree=\skip117
\treeshiftfour=\skip118
\treeshiftfive=\skip119
\treeshiftsix=\skip120
\treeshiftseven=\skip121
\treeshifteight=\skip122
\treeshiftnine=\skip123
\treeshiftten=\skip124
\treeshifteleven=\skip125
\treeshifttwelve=\skip126
\treeshiftthirteen=\skip127
\treeshiftfourteen=\skip128
\treeshiftfifteen=\skip129
\treeshiftsixteen=\skip130
\treeshiftseventeen=\skip131
\treeshifteighteen=\skip132
\treeshiftnineteen=\skip133
\treeshifttwenty=\skip134
\treewidthone=\skip135
\treewidthtwo=\skip136
\treewidththree=\skip137
\treewidthfour=\skip138
\treewidthfive=\skip139
\treewidthsix=\skip140
\treewidthseven=\skip141
\treewidtheight=\skip142
\treewidthnine=\skip143
\treewidthten=\skip144
\treewidtheleven=\skip145
\treewidthtwelve=\skip146
\treewidththirteen=\skip147
\treewidthfourteen=\skip148
\treewidthfifteen=\skip149
\treewidthsixteen=\skip150
\treewidthseventeen=\skip151
\treewidtheighteen=\skip152
\treewidthnineteen=\skip153
\treewidthtwenty=\skip154
\daughteroffsetone=\skip155
\daughteroffsettwo=\skip156
\daughteroffsetthree=\skip157
\daughteroffsetfour=\skip158
\branchwidthone=\skip159
\branchwidthtwo=\skip160
\branchwidththree=\skip161
\branchwidthfour=\skip162
\parentoffset=\skip163
\treeoffset=\skip164
\daughteroffset=\skip165
\branchwidth=\skip166
\parentwidth=\skip167
\treewidth=\skip168
\qta=\toks46
\qtb=\toks47
\nbranches=\count174
\qroofx=\count175
\qroofy=\count176
\@qrscratchbox=\box72
)
(/usr/local/texlive/2015/texmf-dist/tex/latex/cleveref/cleveref.sty
Package: cleveref 2013/12/28 v0.19 Intelligent cross-referencing
Package cleveref Info: `hyperref' support loaded on input line 2230.
LaTeX Info: Redefining \cref on input line 2230.
LaTeX Info: Redefining \Cref on input line 2230.
LaTeX Info: Redefining \crefrange on input line 2230.
LaTeX Info: Redefining \Crefrange on input line 2230.
LaTeX Info: Redefining \cpageref on input line 2230.
LaTeX Info: Redefining \Cpageref on input line 2230.
LaTeX Info: Redefining \cpagerefrange on input line 2230.
LaTeX Info: Redefining \Cpagerefrange on input line 2230.
LaTeX Info: Redefining \labelcref on input line 2230.
LaTeX Info: Redefining \labelcpageref on input line 2230.
)
(./mathpartir.sty
Package: mathpartir 2005/12/20 version 1.2.0 Math Paragraph for Typesetting Inf
erence Rules
\mpr@andskip=\skip169
\mpr@lista=\toks48
\mpr@listb=\toks49
\mpr@hlist=\box73
\mpr@vlist=\box74
\mpr@right=\box75
)
(/usr/local/texlive/2015/texmf-dist/tex/latex/listings/listings.sty
\lst@mode=\count177
\lst@gtempboxa=\box76
\lst@token=\toks50
\lst@length=\count178
\lst@currlwidth=\dimen229
\lst@column=\count179
\lst@pos=\count180
\lst@lostspace=\dimen230
\lst@width=\dimen231
\lst@newlines=\count181
\lst@lineno=\count182
\lst@maxwidth=\dimen232

(/usr/local/texlive/2015/texmf-dist/tex/latex/listings/lstmisc.sty
File: lstmisc.sty 2014/09/06 1.5e (Carsten Heinz)
\c@lstnumber=\count183
\lst@skipnumbers=\count184
\lst@framebox=\box77
)
(/usr/local/texlive/2015/texmf-dist/tex/latex/listings/listings.cfg
File: listings.cfg 2014/09/06 1.5e listings configuration
))
Package: listings 2014/09/06 1.5e (Carsten Heinz)

(/usr/local/texlive/2015/texmf-dist/tex/latex/enumitem/enumitem.sty
Package: enumitem 2011/09/28 v3.5.2 Customized lists
\labelindent=\skip170
\enit@outerparindent=\dimen233
\enit@toks=\toks51
\enit@inbox=\box78
\enitdp@description=\count185
)
(/usr/local/texlive/2015/texmf-dist/tex/latex/float/float.sty
Package: float 2001/11/08 v1.3d Float enhancements (AL)
\c@float@type=\count186
\float@exts=\toks52
\float@box=\box79
\@float@everytoks=\toks53
\@floatcapt=\box80
)
(/usr/local/texlive/2015/texmf-dist/tex/latex/titlesec/titlesec.sty
Package: titlesec 2011/12/15 v2.10.0 Sectioning titles
\ttl@box=\box81
\beforetitleunit=\skip171
\aftertitleunit=\skip172
Normal \dimen register pool exhausted, switching to extended pool.
\ttl@plus=\dimen256
\ttl@minus=\dimen257
\ttl@toksa=\toks54
\titlewidth=\dimen258
\titlewidthlast=\dimen259
\titlewidthfirst=\dimen260
)
(/usr/local/texlive/2015/texmf-dist/tex/latex/layouts/layouts.sty
Package: layouts 2009/09/02 v2.6d graphical depiction of document elements
\l@ylen=\skip173
\layoutsbox=\box82
\l@youtunitlength=\skip174
\l@youtlinethick=\skip175
\l@youtlinethickii=\skip176
\l@ysetupparskip=\skip177
\l@ysetupbaselineskip=\skip178
\l@yonem=\skip179
\l@yonex=\skip180
\l@ylmarg=\skip181
\l@yrmarg=\skip182
\l@yitmindent=\skip183
\l@ylblwidth=\skip184
\l@ylblsep=\skip185
\l@ylparindent=\skip186
\l@ytsep=\skip187
\l@ypskip=\skip188
\l@yptsep=\skip189
\l@ypsep=\skip190
\l@yitmsep=\skip191
\l@ytok=\toks55
\l@youtpw=\count187
\l@youtph=\count188
\l@youthpi=\count189
\l@youthpii=\count190
\l@youthpiii=\count191
\l@youthpiv=\count192
\l@youthpv=\count193
\l@youthpvi=\count194
\l@youthpvii=\count195
\l@youtparskip=\count196
\l@youtvpi=\count197
\l@youtvpii=\count198
\l@youtvpiii=\count199
\l@youtvpiv=\count200
\l@youtvpv=\count201
\l@youtvpvi=\count202
\l@youtvpvii=\count203
\l@youthdo=\count204
\l@youthdi=\count205
\l@youthdii=\count206
\l@youthdiii=\count207
\l@youthdiv=\count208
\l@youthdv=\count209
\l@youthdvi=\count210
\l@youthdvii=\count211
\l@youtvdo=\count212
\l@youtvdi=\count213
\l@youtvdii=\count214
\l@youtvdiii=\count215
\l@youtvdiv=\count216
\l@youtvdv=\count217
\l@youtvdvi=\count218
\l@youtvdvii=\count219
\l@youtvdviii=\count220
\l@youtxci=\count221
\l@youtxcii=\count222
\l@youtxciii=\count223
\l@youtxciv=\count224
\l@youtxcv=\count225
\l@youtxcvi=\count226
\l@youtyci=\count227
\l@youtycii=\count228
\l@youtyciii=\count229
\l@youtyciv=\count230
\l@youtycv=\count231
\l@youtycvi=\count232
\l@youtycvii=\count233
Normal \count register pool exhausted, switching to extended pool.
\l@youtycviii=\count277
\l@youtxco=\count278
\l@youtyco=\count279
\l@ytempdima=\skip192
\stockwidth=\skip193
\stockheight=\skip194
\trimedge=\skip195
\trimtop=\skip196
\uppermargin=\skip197
\spinemargin=\skip198
)
(/usr/local/texlive/2015/texmf-dist/tex/latex/wrapfig/wrapfig.sty
\wrapoverhang=\dimen261
\WF@size=\dimen262
\c@WF@wrappedlines=\count280
\WF@box=\box83
\WF@everypar=\toks56
Package: wrapfig 2003/01/31  v 3.6
)
Package hyperref Info: Option `unicode' set `false' on input line 53.
Package hyperref Info: Option `pdftoolbar' set `true' on input line 53.
Package hyperref Info: Option `pdfmenubar' set `true' on input line 53.
Package hyperref Info: Option `pdffitwindow' set `false' on input line 53.
Package hyperref Info: Option `pdfnewwindow' set `true' on input line 53.
Package hyperref Info: Option `colorlinks' set `true' on input line 53.

(./dissertation-psyck.aux)
\openout1 = `dissertation-psyck.aux'.

LaTeX Font Info:    Checking defaults for OML/cmm/m/it on input line 115.
LaTeX Font Info:    ... okay on input line 115.
LaTeX Font Info:    Checking defaults for T1/cmr/m/n on input line 115.
LaTeX Font Info:    ... okay on input line 115.
LaTeX Font Info:    Checking defaults for OT1/cmr/m/n on input line 115.
LaTeX Font Info:    ... okay on input line 115.
LaTeX Font Info:    Checking defaults for OMS/cmsy/m/n on input line 115.
LaTeX Font Info:    ... okay on input line 115.
LaTeX Font Info:    Checking defaults for OMX/cmex/m/n on input line 115.
LaTeX Font Info:    ... okay on input line 115.
LaTeX Font Info:    Checking defaults for U/cmr/m/n on input line 115.
LaTeX Font Info:    ... okay on input line 115.
LaTeX Font Info:    Checking defaults for PD1/pdf/m/n on input line 115.
LaTeX Font Info:    ... okay on input line 115.

(/usr/local/texlive/2015/texmf-dist/tex/context/base/supp-pdf.mkii
[Loading MPS to PDF converter (version 2006.09.02).]
\scratchcounter=\count281
\scratchdimen=\dimen263
\scratchbox=\box84
\nofMPsegments=\count282
\nofMParguments=\count283
\everyMPshowfont=\toks57
\MPscratchCnt=\count284
\MPscratchDim=\dimen264
\MPnumerator=\count285
\makeMPintoPDFobject=\count286
\everyMPtoPDFconversion=\toks58
) (/usr/local/texlive/2015/texmf-dist/tex/latex/oberdiek/epstopdf-base.sty
Package: epstopdf-base 2010/02/09 v2.5 Base part for package epstopdf

(/usr/local/texlive/2015/texmf-dist/tex/latex/oberdiek/grfext.sty
Package: grfext 2010/08/19 v1.1 Manage graphics extensions (HO)
)
Package grfext Info: Graphics extension search list:
(grfext)             [.png,.pdf,.jpg,.mps,.jpeg,.jbig2,.jb2,.PNG,.PDF,.JPG,.JPE
G,.JBIG2,.JB2,.eps]
(grfext)             \AppendGraphicsExtensions on input line 452.

(/usr/local/texlive/2015/texmf-dist/tex/latex/latexconfig/epstopdf-sys.cfg
File: epstopdf-sys.cfg 2010/07/13 v1.3 Configuration of (r)epstopdf for TeX Liv
e
))
\AtBeginShipoutBox=\box85


Package hyperref Warning: Height of page (\stockheight) is invalid (0.0pt),
(hyperref)                using 11in.

Package hyperref Info: Link coloring ON on input line 115.
(/usr/local/texlive/2015/texmf-dist/tex/latex/hyperref/nameref.sty
Package: nameref 2012/10/27 v2.43 Cross-referencing by name of section

(/usr/local/texlive/2015/texmf-dist/tex/generic/oberdiek/gettitlestring.sty
Package: gettitlestring 2010/12/03 v1.4 Cleanup title references (HO)
)
\c@section@level=\count287
)
LaTeX Info: Redefining \ref on input line 115.
LaTeX Info: Redefining \pageref on input line 115.
LaTeX Info: Redefining \nameref on input line 115.

(./dissertation-psyck.out) (./dissertation-psyck.out)
\@outlinefile=\write6
\openout6 = `dissertation-psyck.out'.

Package caption Info: Begin \AtBeginDocument code.
Package caption Info: float package is loaded.
Package caption Info: listings package is loaded.
Package caption Info: rotating package is loaded.
Package caption Info: wrapfig package is loaded.
Package caption Info: End \AtBeginDocument code.
LaTeX Font Info:    Try loading font information for U+msa on input line 115.

(/usr/local/texlive/2015/texmf-dist/tex/latex/amsfonts/umsa.fd
File: umsa.fd 2013/01/14 v3.01 AMS symbols A
)
LaTeX Font Info:    Try loading font information for U+msb on input line 115.

(/usr/local/texlive/2015/texmf-dist/tex/latex/amsfonts/umsb.fd
File: umsb.fd 2013/01/14 v3.01 AMS symbols B
)
Package xypdf Info: Line width: 0.43799pt on input line 115.

ABD: EveryShipout initializing macros
*geometry* driver: auto-detecting
*geometry* detected driver: pdftex
*geometry* verbose mode - [ preamble ] result:
* driver: pdftex
* paper: a4paper
* layout: <same size as paper>
* layoutoffset:(h,v)=(0.0pt,0.0pt)
* modes: twoside 
* h-part:(L,W,R)=(71.13188pt, 455.24411pt, 71.13188pt)
* v-part:(T,H,B)=(71.13188pt, 702.78308pt, 71.13188pt)
* \paperwidth=597.50787pt
* \paperheight=845.04684pt
* \textwidth=455.24411pt
* \textheight=702.78308pt
* \oddsidemargin=-1.1381pt
* \evensidemargin=-1.1381pt
* \topmargin=-38.1381pt
* \headheight=12.0pt
* \headsep=25.0pt
* \topskip=11.0pt
* \footskip=30.0pt
* \marginparwidth=103.0pt
* \marginparsep=10.0pt
* \columnsep=10.0pt
* \skip\footins=10.0pt plus 4.0pt minus 2.0pt
* \hoffset=0.0pt
* \voffset=0.0pt
* \mag=1000
* \@twocolumnfalse
* \@twosidetrue
* \@mparswitchtrue
* \@reversemarginfalse
* (1in=72.27pt=25.4mm, 1cm=28.453pt)

\c@lstlisting=\count288

Package layouts Warning: Layout scale set to 0.5 on input line 115.

*geometry* verbose mode - [ newgeometry ] result:
* driver: pdftex
* paper: a4paper
* layout: <same size as paper>
* layoutoffset:(h,v)=(0.0pt,0.0pt)
* modes: twoside 
* h-part:(L,W,R)=(99.0pt, 399.50787pt, 99.0pt)
* v-part:(T,H,B)=(75.0pt, 695.04684pt, 75.0pt)
* \paperwidth=597.50787pt
* \paperheight=845.04684pt
* \textwidth=399.50787pt
* \textheight=695.04684pt
* \oddsidemargin=26.73001pt
* \evensidemargin=26.73001pt
* \topmargin=-34.26999pt
* \headheight=12.0pt
* \headsep=25.0pt
* \topskip=11.0pt
* \footskip=30.0pt
* \marginparwidth=103.0pt
* \marginparsep=10.0pt
* \columnsep=10.0pt
* \skip\footins=10.0pt plus 4.0pt minus 2.0pt
* \hoffset=0.0pt
* \voffset=0.0pt
* \mag=1000
* \@twocolumnfalse
* \@twosidetrue
* \@mparswitchtrue
* \@reversemarginfalse
* (1in=72.27pt=25.4mm, 1cm=28.453pt)

(./sections/titlepage.tex
Underfull \hbox (badness 10000) in paragraph at lines 31--32

 []

<images/UoN_Arms.png, id=31, 266.9975pt x 301.125pt>
File: images/UoN_Arms.png Graphic file (type png)
 <use images/UoN_Arms.png>
Package pdftex.def Info: images/UoN_Arms.png used on input line 33.
(pdftex.def)             Requested size: 146.84906pt x 165.61925pt.
) [1


{/usr/local/texlive/2015/texmf-var/fonts/map/pdftex/updmap/pdftex.map} <./image
s/UoN_Arms.png>] [2

] [3] [4

]
*geometry* verbose mode - [ newgeometry ] result:
* driver: pdftex
* paper: a4paper
* layout: <same size as paper>
* layoutoffset:(h,v)=(0.0pt,0.0pt)
* modes: twoside 
* h-part:(L,W,R)=(85.35826pt, 426.79135pt, 85.35826pt)
* v-part:(T,H,B)=(75.0pt, 695.04684pt, 75.0pt)
* \paperwidth=597.50787pt
* \paperheight=845.04684pt
* \textwidth=426.79135pt
* \textheight=695.04684pt
* \oddsidemargin=13.08827pt
* \evensidemargin=13.08827pt
* \topmargin=-34.26999pt
* \headheight=12.0pt
* \headsep=25.0pt
* \topskip=11.0pt
* \footskip=30.0pt
* \marginparwidth=103.0pt
* \marginparsep=10.0pt
* \columnsep=10.0pt
* \skip\footins=10.0pt plus 4.0pt minus 2.0pt
* \hoffset=0.0pt
* \voffset=0.0pt
* \mag=1000
* \@twocolumnfalse
* \@twosidetrue
* \@mparswitchtrue
* \@reversemarginfalse
* (1in=72.27pt=25.4mm, 1cm=28.453pt)

 (./dissertation-psyck.toc)
\tf@toc=\write7
\openout7 = `dissertation-psyck.toc'.

 [5

] [6

]
(./sections/testing.tex

LaTeX Warning: Reference `sec:funcs' on page 1 undefined on input line 4.


Overfull \hbox (4.27539pt too wide) in paragraph at lines 9--9
[]|\OT1/cmr/bx/n/10.95 Result| 
 []


Overfull \hbox (0.91306pt too wide) in paragraph at lines 11--11
[]|\OT1/cmr/m/n/10.95 Passed| 
 []

<images/testing/fr1.png, id=72, 500.87125pt x 221.82875pt>
File: images/testing/fr1.png Graphic file (type png)

<use images/testing/fr1.png>
Package pdftex.def Info: images/testing/fr1.png used on input line 12.
(pdftex.def)             Requested size: 170.71393pt x 75.60693pt.

Overfull \hbox (4.26514pt too wide) in paragraph at lines 12--13
[]|[]| 
 []


Overfull \hbox (0.91306pt too wide) in paragraph at lines 14--14
[]|\OT1/cmr/m/n/10.95 Passed| 
 []


Overfull \hbox (0.91306pt too wide) in paragraph at lines 16--16
[]|\OT1/cmr/m/n/10.95 Passed| 
 []

<images/testing/fr2-1.png, id=73, 441.65pt x 266.9975pt>
File: images/testing/fr2-1.png Graphic file (type png)

<use images/testing/fr2-1.png>
Package pdftex.def Info: images/testing/fr2-1.png used on input line 16.
(pdftex.def)             Requested size: 170.71393pt x 103.20378pt.

Overfull \hbox (4.26514pt too wide) in paragraph at lines 16--17
[]|[]| 
 []


Overfull \hbox (0.91306pt too wide) in paragraph at lines 18--18
[]|\OT1/cmr/m/n/10.95 Passed| 
 []

<images/testing/fr3-1.png, id=74, 363.3575pt x 174.6525pt>
File: images/testing/fr3-1.png Graphic file (type png)

<use images/testing/fr3-1.png>
Package pdftex.def Info: images/testing/fr3-1.png used on input line 18.
(pdftex.def)             Requested size: 170.71393pt x 82.05736pt.

Overfull \hbox (4.26514pt too wide) in paragraph at lines 18--19
[]|[]| 
 []


Underfull \hbox (badness 1038) in paragraph at lines 20--20
[]|\OT1/cmr/m/n/10.95 Users can in-ter-act so-cially with
 []


Overfull \hbox (0.91306pt too wide) in paragraph at lines 20--20
[]|\OT1/cmr/m/n/10.95 Passed| 
 []


Overfull \hbox (0.91306pt too wide) in paragraph at lines 22--22
[]|\OT1/cmr/m/n/10.95 Passed| 
 []

File: images/testing/fr3-1.png Graphic file (type png)
<use images/testing/fr3-1.png>
Package pdftex.def Info: images/testing/fr3-1.png used on input line 22.
(pdftex.def)             Requested size: 170.71393pt x 82.05736pt.

Overfull \hbox (4.26514pt too wide) in paragraph at lines 22--23
[]|[]| 
 []


Overfull \hbox (0.91306pt too wide) in paragraph at lines 24--24
[]|\OT1/cmr/m/n/10.95 Passed| 
 []

<images/testing/fr3-2.png, id=75, 215.80624pt x 222.33063pt>
File: images/testing/fr3-2.png Graphic file (type png)

<use images/testing/fr3-2.png>
Package pdftex.def Info: images/testing/fr3-2.png used on input line 24.
(pdftex.def)             Requested size: 74.68979pt x 76.945pt.

Underfull \hbox (badness 10000) in paragraph at lines 4--28

 []


Overfull \hbox (20.74763pt too wide) in paragraph at lines 4--28
[]
 []


Package Fancyhdr Warning: \headheight is too small (12.0pt): 
 Make it at least 13.59999pt.
 We now make it that large for the rest of the document.
 This may cause the page layout to be inconsistent, however.

pdfTeX warning (ext4): destination with the same identifier (name{page.1}) has 
been already used, duplicate ignored
<to be read again> 
                   \relax 
l.29 \newpage
              [1 <./images/testing/fr1.png> <./images/testing/fr2-1.png> <./ima
ges/testing/fr3-1.png> <./images/testing/fr3-2.png>]
Overfull \hbox (4.27539pt too wide) in paragraph at lines 33--33
[]|\OT1/cmr/bx/n/10.95 Result| 
 []


Overfull \hbox (0.91306pt too wide) in paragraph at lines 35--35
[]|\OT1/cmr/m/n/10.95 Passed| 
 []

<images/testing/fr3-3.png, id=86, 316.18124pt x 243.91125pt>
File: images/testing/fr3-3.png Graphic file (type png)

<use images/testing/fr3-3.png>
Package pdftex.def Info: images/testing/fr3-3.png used on input line 35.
(pdftex.def)             Requested size: 149.37958pt x 115.2375pt.

Overfull \hbox (0.91306pt too wide) in paragraph at lines 37--37
[]|\OT1/cmr/m/n/10.95 Passed| 
 []

<images/testing/fr4.png, id=87, 351.3125pt x 336.25626pt>
File: images/testing/fr4.png Graphic file (type png)

<use images/testing/fr4.png>
Package pdftex.def Info: images/testing/fr4.png used on input line 37.
(pdftex.def)             Requested size: 149.37958pt x 142.98141pt.

Overfull \hbox (0.91306pt too wide) in paragraph at lines 39--39
[]|\OT1/cmr/m/n/10.95 Passed| 
 []

<images/testing/fr5.png, id=88, 175.65625pt x 110.4125pt>
File: images/testing/fr5.png Graphic file (type png)

<use images/testing/fr5.png>
Package pdftex.def Info: images/testing/fr5.png used on input line 39.
(pdftex.def)             Requested size: 128.0387pt x 80.48756pt.

Overfull \hbox (0.91306pt too wide) in paragraph at lines 41--41
[]|\OT1/cmr/m/n/10.95 Passed| 
 []

<images/testing/fr5-1.png, id=89, 444.66125pt x 117.94063pt>
File: images/testing/fr5-1.png Graphic file (type png)

<use images/testing/fr5-1.png>
Package pdftex.def Info: images/testing/fr5-1.png used on input line 41.
(pdftex.def)             Requested size: 170.71393pt x 45.2786pt.

Overfull \hbox (4.26514pt too wide) in paragraph at lines 41--42
[]|[]| 
 []


Overfull \hbox (0.91306pt too wide) in paragraph at lines 43--43
[]|\OT1/cmr/m/n/10.95 Passed| 
 []

<images/testing/fr5-2.png, id=90, 252.945pt x 187.70125pt>
File: images/testing/fr5-2.png Graphic file (type png)

<use images/testing/fr5-2.png>
Package pdftex.def Info: images/testing/fr5-2.png used on input line 43.
(pdftex.def)             Requested size: 170.71393pt x 126.68141pt.

Overfull \hbox (4.26514pt too wide) in paragraph at lines 43--44
[]|[]| 
 []


Overfull \hbox (0.91306pt too wide) in paragraph at lines 45--45
[]|\OT1/cmr/m/n/10.95 Passed| 
 []

<images/testing/fr5-3.png, id=91, 430.60875pt x 228.855pt>
File: images/testing/fr5-3.png Graphic file (type png)

<use images/testing/fr5-3.png>
Package pdftex.def Info: images/testing/fr5-3.png used on input line 45.
(pdftex.def)             Requested size: 170.71393pt x 90.73021pt.

Overfull \hbox (4.26514pt too wide) in paragraph at lines 45--46
[]|[]| 
 []


Overfull \hbox (20.74763pt too wide) in paragraph at lines 30--48
[] 
 []

pdfTeX warning (ext4): destination with the same identifier (name{page.2}) has 
been already used, duplicate ignored
<to be read again> 
                   \relax 
l.49 \newpage
              [2 <./images/testing/fr3-3.png> <./images/testing/fr4.png> <./ima
ges/testing/fr5.png> <./images/testing/fr5-1.png> <./images/testing/fr5-2.png> 
<./images/testing/fr5-3.png>]
Overfull \hbox (4.27539pt too wide) in paragraph at lines 53--53
[]|\OT1/cmr/bx/n/10.95 Result| 
 []


Overfull \hbox (0.91306pt too wide) in paragraph at lines 55--55
[]|\OT1/cmr/m/n/10.95 Passed| 
 []

File: images/testing/fr2-1.png Graphic file (type png)
<use images/testing/fr2-1.png>
Package pdftex.def Info: images/testing/fr2-1.png used on input line 55.
(pdftex.def)             Requested size: 170.71393pt x 103.20378pt.

Overfull \hbox (4.26514pt too wide) in paragraph at lines 55--56
[]|[]| 
 []


Underfull \hbox (badness 4341) in paragraph at lines 57--57
[]|\OT1/cmr/m/n/10.95 Administrators can delete user
 []


Overfull \hbox (0.91306pt too wide) in paragraph at lines 57--57
[]|\OT1/cmr/m/n/10.95 Passed| 
 []

<images/testing/fr5-5.png, id=101, 359.3425pt x 58.2175pt>
File: images/testing/fr5-5.png Graphic file (type png)

<use images/testing/fr5-5.png>
Package pdftex.def Info: images/testing/fr5-5.png used on input line 57.
(pdftex.def)             Requested size: 170.71393pt x 27.65804pt.

Overfull \hbox (4.26514pt too wide) in paragraph at lines 57--58
[]|[]| 
 []


Overfull \hbox (0.91306pt too wide) in paragraph at lines 59--59
[]|\OT1/cmr/m/n/10.95 Passed| 
 []

<images/testing/fr5-6.png, id=102, 299.1175pt x 225.84375pt>
File: images/testing/fr5-6.png Graphic file (type png)

<use images/testing/fr5-6.png>
Package pdftex.def Info: images/testing/fr5-6.png used on input line 59.
(pdftex.def)             Requested size: 170.71393pt x 128.89767pt.

Overfull \hbox (4.26514pt too wide) in paragraph at lines 59--60
[]|[]| 
 []


Overfull \hbox (0.91306pt too wide) in paragraph at lines 61--61
[]|\OT1/cmr/m/n/10.95 Passed| 
 []

<images/testing/fr5-7.png, id=103, 188.705pt x 180.675pt>
File: images/testing/fr5-7.png Graphic file (type png)

<use images/testing/fr5-7.png>
Package pdftex.def Info: images/testing/fr5-7.png used on input line 61.
(pdftex.def)             Requested size: 128.0387pt x 122.58995pt.

Overfull \hbox (0.91306pt too wide) in paragraph at lines 63--63
[]|\OT1/cmr/m/n/10.95 Passed| 
 []

<images/testing/fr5-8.png, id=104, 184.69pt x 163.61125pt>
File: images/testing/fr5-8.png Graphic file (type png)

<use images/testing/fr5-8.png>
Package pdftex.def Info: images/testing/fr5-8.png used on input line 63.
(pdftex.def)             Requested size: 128.0387pt x 113.42612pt.

Overfull \hbox (0.91306pt too wide) in paragraph at lines 65--65
[]|\OT1/cmr/m/n/10.95 Passed| 
 []

<images/testing/fr5-9.png, id=105, 186.6975pt x 160.6pt>
File: images/testing/fr5-9.png Graphic file (type png)

<use images/testing/fr5-9.png>
Package pdftex.def Info: images/testing/fr5-9.png used on input line 65.
(pdftex.def)             Requested size: 128.0387pt x 110.1451pt.

Overfull \hbox (20.74763pt too wide) in paragraph at lines 50--68
[] 
 []

pdfTeX warning (ext4): destination with the same identifier (name{page.3}) has 
been already used, duplicate ignored
<to be read again> 
                   \relax 
l.69 \newpage
              [3 <./images/testing/fr5-5.png> <./images/testing/fr5-6.png> <./i
mages/testing/fr5-7.png> <./images/testing/fr5-8.png> <./images/testing/fr5-9.p
ng>]
Overfull \hbox (0.91306pt too wide) in paragraph at lines 73--73
[]|\OT1/cmr/m/n/10.95 Passed| 
 []

<images/testing/fr6.png, id=114, 210.7875pt x 179.67125pt>
File: images/testing/fr6.png Graphic file (type png)

<use images/testing/fr6.png>
Package pdftex.def Info: images/testing/fr6.png used on input line 73.
(pdftex.def)             Requested size: 128.0387pt x 109.1387pt.

Overfull \hbox (0.91306pt too wide) in paragraph at lines 75--75
[]|\OT1/cmr/m/n/10.95 Passed| 
 []

<images/testing/fr7.png, id=115, 207.77625pt x 154.5775pt>
File: images/testing/fr7.png Graphic file (type png)

<use images/testing/fr7.png>
Package pdftex.def Info: images/testing/fr7.png used on input line 75.
(pdftex.def)             Requested size: 128.0387pt x 95.25917pt.

Overfull \hbox (0.91306pt too wide) in paragraph at lines 77--77
[]|\OT1/cmr/m/n/10.95 Passed| 
 []

<images/testing/fr8.png, id=116, 441.65pt x 266.9975pt>
File: images/testing/fr8.png Graphic file (type png)

<use images/testing/fr8.png>
Package pdftex.def Info: images/testing/fr8.png used on input line 77.
(pdftex.def)             Requested size: 170.71393pt x 103.20378pt.

Overfull \hbox (4.26514pt too wide) in paragraph at lines 77--78
[]|[]| 
 []


Overfull \hbox (0.91306pt too wide) in paragraph at lines 79--79
[]|\OT1/cmr/m/n/10.95 Passed| 
 []

<images/testing/fr9.png, id=117, 353.32pt x 289.08pt>
File: images/testing/fr9.png Graphic file (type png)

<use images/testing/fr9.png>
Package pdftex.def Info: images/testing/fr9.png used on input line 79.
(pdftex.def)             Requested size: 128.0387pt x 104.75682pt.

Overfull \hbox (0.91306pt too wide) in paragraph at lines 81--81
[]|\OT1/cmr/m/n/10.95 Passed| 
 []

<images/testing/fr9-1.png, id=118, 432.61626pt x 189.70876pt>
File: images/testing/fr9-1.png Graphic file (type png)

<use images/testing/fr9-1.png>
Package pdftex.def Info: images/testing/fr9-1.png used on input line 81.
(pdftex.def)             Requested size: 170.71393pt x 74.8603pt.

Overfull \hbox (4.26514pt too wide) in paragraph at lines 81--82
[]|[]| 
 []


Overfull \hbox (0.91306pt too wide) in paragraph at lines 83--83
[]|\OT1/cmr/m/n/10.95 Passed| 
 []

<images/testing/fr9-2.png, id=119, 778.91pt x 193.22188pt>
File: images/testing/fr9-2.png Graphic file (type png)

<use images/testing/fr9-2.png>
Package pdftex.def Info: images/testing/fr9-2.png used on input line 83.
(pdftex.def)             Requested size: 170.71393pt x 42.34677pt.

Overfull \hbox (4.26514pt too wide) in paragraph at lines 83--84
[]|[]| 
 []


Overfull \hbox (20.74763pt too wide) in paragraph at lines 70--86
[] 
 []

pdfTeX warning (ext4): destination with the same identifier (name{page.4}) has 
been already used, duplicate ignored
<to be read again> 
                   \relax 
l.87 \newpage
              [4 <./images/testing/fr6.png> <./images/testing/fr7.png> <./image
s/testing/fr8.png> <./images/testing/fr9.png> <./images/testing/fr9-1.png> <./i
mages/testing/fr9-2.png>]

LaTeX Warning: Reference `sec:funcs' on page 5 undefined on input line 89.

LaTeX Font Info:    Try loading font information for OMS+cmr on input line 93.
(/usr/local/texlive/2015/texmf-dist/tex/latex/base/omscmr.fd
File: omscmr.fd 2014/09/29 v2.5h Standard LaTeX font definitions
)
LaTeX Font Info:    Font shape `OMS/cmr/m/n' in size <10.95> not available
(Font)              Font shape `OMS/cmsy/m/n' tried instead on input line 93.
pdfTeX warning (ext4): destination with the same identifier (name{page.5}) has 
been already used, duplicate ignored
<to be read again> 
                   \relax 
l.121 \newpage
               [5]
Underfull \hbox (badness 10000) in paragraph at lines 123--126

 []


Underfull \hbox (badness 10000) in paragraph at lines 134--138

 []

<images/testing/rite.png, id=135, 655.44875pt x 196.735pt>
File: images/testing/rite.png Graphic file (type png)

<use images/testing/rite.png>
Package pdftex.def Info: images/testing/rite.png used on input line 141.
(pdftex.def)             Requested size: 389.4497pt x 116.89516pt.
pdfTeX warning (ext4): destination with the same identifier (name{page.6}) has 
been already used, duplicate ignored
<to be read again> 
                   \relax 
l.148 \newpage
               [6 <./images/testing/rite.png>]
<images/testing/results.png, id=147, 800.7516pt x 293.898pt>
File: images/testing/results.png Graphic file (type png)

<use images/testing/results.png>
Package pdftex.def Info: images/testing/results.png used on input line 154.
(pdftex.def)             Requested size: 405.45047pt x 148.81418pt.

Underfull \hbox (badness 10000) in paragraph at lines 167--171

 []


Underfull \hbox (badness 10000) in paragraph at lines 172--175

 []

[7 <./images/testing/results.png>]
Underfull \hbox (badness 10000) in paragraph at lines 175--180

 []


Underfull \hbox (badness 10000) in paragraph at lines 175--180

 []


Underfull \hbox (badness 10000) in paragraph at lines 180--184

 []

[8]
Underfull \hbox (badness 5681) in paragraph at lines 200--201
[]|\OT1/cmr/m/n/10.95 Prevented users from sub-mit-ting
 []


Underfull \hbox (badness 1484) in paragraph at lines 206--206
\OT1/cmr/m/n/10.95 save popup, es-pe-cially con-sid-er-ing
 []


Underfull \hbox (badness 10000) in paragraph at lines 210--211
[]|\OT1/cmr/m/n/10.95 Changed but-ton to read `Save
 []


Underfull \hbox (badness 10000) in paragraph at lines 189--217

 []


Overfull \hbox (8.34718pt too wide) in paragraph at lines 189--217
[] 
 []

) [9] (./dissertation-psyck.bbl
Underfull \hbox (badness 1796) in paragraph at lines 14--17
[]\OT1/cmr/m/n/10.95 My Scenic Drives web-site.  [][]$\OT1/cmtt/m/n/10.95 https
 : / / www . myscenicdrives . com/$[][]\OT1/cmr/m/n/10.95 .  Ac-cessed:
 []

Missing character: There is no  in font cmti10!
Missing character: There is no  in font cmti10!
Missing character: There is no  in font cmti10!
[10]) [11] (./sections/appendix/testing.tex
Underfull \hbox (badness 10000) in paragraph at lines 4--9

 []

) [12] (./sections/appendix/testing_results.tex) [13]
Package atveryend Info: Empty hook `BeforeClearDocument' on input line 236.
Package atveryend Info: Empty hook `AfterLastShipout' on input line 236.
 (./dissertation-psyck.aux)
Package atveryend Info: Executing hook `AtVeryEndDocument' on input line 236.
Package atveryend Info: Executing hook `AtEndAfterFileList' on input line 236.
Package rerunfilecheck Info: File `dissertation-psyck.out' has not changed.
(rerunfilecheck)             Checksum: 8CD0D6FE826F8928E765600FC0EFFFCF;404.


LaTeX Warning: There were undefined references.

Package atveryend Info: Empty hook `AtVeryVeryEnd' on input line 236.
 ) 
Here is how much of TeX's memory you used:
 27172 strings out of 493089
 492888 string characters out of 6134842
 668885 words of memory out of 5000000
 30040 multiletter control sequences out of 15000+600000
 14984 words of font info for 61 fonts, out of 8000000 for 9000
 1141 hyphenation exceptions out of 8191
 62i,14n,65p,3249b,455s stack positions out of 5000i,500n,10000p,200000b,80000s
</usr/local/texlive/2015/texmf-dist/fonts/type1/public/amsfonts/cm/cmbx10.pfb
></usr/local/texlive/2015/texmf-dist/fonts/type1/public/amsfonts/cm/cmbx12.pfb>
</usr/local/texlive/2015/texmf-dist/fonts/type1/public/amsfonts/cm/cmr10.pfb></
usr/local/texlive/2015/texmf-dist/fonts/type1/public/amsfonts/cm/cmr12.pfb></us
r/local/texlive/2015/texmf-dist/fonts/type1/public/amsfonts/cm/cmsy10.pfb></usr
/local/texlive/2015/texmf-dist/fonts/type1/public/amsfonts/cm/cmti10.pfb></usr/
local/texlive/2015/texmf-dist/fonts/type1/public/amsfonts/cm/cmtt10.pfb>
Output written on dissertation-psyck.pdf (19 pages, 1453766 bytes).
PDF statistics:
 274 PDF objects out of 1000 (max. 8388607)
 196 compressed objects within 2 object streams
 75 named destinations out of 1000 (max. 500000)
 181 words of extra memory for PDF output out of 10000 (max. 10000000)

